Using pre-set license

 COMMAND LINE ARGUMENTS:
/Volumes/SamsungT5/Applications/Unitys/2020.2.0f1/Unity.app/Contents/MacOS/Unity
-adb2
-batchMode
-noUpm
-name
AssetImportWorker0
-projectPath
/Volumes/SamsungT5/Projects/RayTracing
-logFile
Logs/AssetImportWorker0.log
-srvPort
61431
Successfully changed project path to: /Volumes/SamsungT5/Projects/RayTracing
/Volumes/SamsungT5/Projects/RayTracing
Using Asset Import Pipeline V2.
Refreshing native plugins compatible for Editor in 28.40 ms, found 1 plugins.
Preloading 0 native plugins for Editor in 0.00 ms.
Initialize engine version: 2020.2.0f1 (3721df5a8b28)
[Subsystems] Discovering subsystems at path /Volumes/SamsungT5/Applications/Unitys/2020.2.0f1/Unity.app/Contents/Resources/UnitySubsystems
[Subsystems] Discovering subsystems at path /Volumes/SamsungT5/Projects/RayTracing/Assets
GfxDevice: creating device client; threaded=0
2020-12-18 12:57:58.973 Unity[70275:1731443] iMac preferred device: AMD Radeon Pro 575 (high power)
2020-12-18 12:57:58.973 Unity[70275:1731443] Metal devices available: 1
2020-12-18 12:57:58.973 Unity[70275:1731443] 0: AMD Radeon Pro 575 (high power)
2020-12-18 12:57:58.973 Unity[70275:1731443] Forcing user selected device: AMD Radeon Pro 575 (high power)
Initializing Metal device caps: AMD Radeon Pro 575
Initialize mono
Mono path[0] = '/Volumes/SamsungT5/Applications/Unitys/2020.2.0f1/Unity.app/Contents/Managed'
Mono path[1] = '/Volumes/SamsungT5/Applications/Unitys/2020.2.0f1/Unity.app/Contents/MonoBleedingEdge/lib/mono/unityjit'
Mono config path = '/Volumes/SamsungT5/Applications/Unitys/2020.2.0f1/Unity.app/Contents/MonoBleedingEdge/etc'
Using monoOptions --debugger-agent=transport=dt_socket,embedding=1,server=y,suspend=n,address=127.0.0.1:56275
Begin MonoManager ReloadAssembly
Registering precompiled unity dll's ...
Register platform support module: /Volumes/SamsungT5/Applications/Unitys/2020.2.0f1/Unity.app/Contents/PlaybackEngines/MacStandaloneSupport/UnityEditor.OSXStandalone.Extensions.dll
Registered in 0.000452 seconds.
Native extension for OSXStandalone target not found
Refreshing native plugins compatible for Editor in 33.90 ms, found 1 plugins.
Preloading 0 native plugins for Editor in 0.00 ms.
Invoked RoslynAnalysisRunner static constructor.
RoslynAnalysisRunner will not be running.
RoslynAnalysisRunner has terminated.
Mono: successfully reloaded assembly
- Completed reload, in  1.346 seconds
Platform modules already initialized, skipping
Registering precompiled user dll's ...
Registered in 0.005605 seconds.
Begin MonoManager ReloadAssembly
Native extension for OSXStandalone target not found
Refreshing native plugins compatible for Editor in 0.29 ms, found 1 plugins.
Preloading 0 native plugins for Editor in 0.00 ms.
Invoked RoslynAnalysisRunner static constructor.
RoslynAnalysisRunner will not be running.
RoslynAnalysisRunner has terminated.
Mono: successfully reloaded assembly
- Completed reload, in  1.640 seconds
Platform modules already initialized, skipping
========================================================================
Worker process is ready to serve import requests
Launching external process: /Volumes/SamsungT5/Applications/Unitys/2020.2.0f1/Unity.app/Contents/Tools/UnityShaderCompiler
Launched and connected shader compiler UnityShaderCompiler after 0.02 seconds
Refreshing native plugins compatible for Editor in 0.30 ms, found 1 plugins.
Preloading 0 native plugins for Editor in 0.00 ms.
Unloading 1115 Unused Serialized files (Serialized files now loaded: 0)
System memory in use before: 132.1 MB.
System memory in use after: 132.2 MB.

Unloading 29 unused Assets to reduce memory usage. Loaded Objects now: 1598.
Total: 37.585360 ms (FindLiveObjects: 0.159760 ms CreateObjectMapping: 0.044198 ms MarkObjects: 37.307342 ms  DeleteObjects: 0.072597 ms)

========================================================================
Received Import Request.
  path: Assets/RayTracingSystem/BVH.cs
  artifactKey: Guid(f7d7ba5aba46a446487b04d2bee8f481) Importer(815301076,1909f56bfc062723c751e8b465ee728b)
Start importing Assets/RayTracingSystem/BVH.cs using Guid(f7d7ba5aba46a446487b04d2bee8f481) Importer(815301076,1909f56bfc062723c751e8b465ee728b)  -> (artifact id: '8a619c4a5d1bc4c8a0c44ccefc7c9890') in 0.393984 seconds
  Import took 0.396535 seconds .

